<?xml version="1.0" encoding="UTF-8"?>
<Site BuildName="(empty)"
	BuildStamp="20241020-1901-Experimental"
	Name="(empty)"
	Generator="ctest-3.28.3"
	CompilerName=""
	CompilerVersion=""
	OSName="Linux"
	Hostname="Pouyan"
	OSRelease="5.15.153.1-microsoft-standard-WSL2"
	OSVersion="#1 SMP Fri Mar 29 23:14:13 UTC 2024"
	OSPlatform="x86_64"
	Is64Bits="1"
	VendorString="GenuineIntel"
	VendorID="Intel Corporation"
	FamilyID="6"
	ModelID="183"
	ProcessorCacheSize="30720"
	NumberOfLogicalCPU="24"
	NumberOfPhysicalCPU="12"
	TotalVirtualMemory="2048"
	TotalPhysicalMemory="7803"
	LogicalProcessorsPerPhysical="2"
	ProcessorClockFrequency="2419.2"
	>
	<Testing>
		<StartDateTime>Oct 20 22:31 +0330</StartDateTime>
		<StartTestTime>1729450896</StartTestTime>
		<TestList/>
		<EndDateTime>Oct 20 22:31 +0330</EndDateTime>
		<EndTestTime>1729450896</EndTestTime>
		<ElapsedMinutes>0</ElapsedMinutes>
	</Testing>
</Site>
